<?xml version="1.0" encoding="UTF-8"?>
<!-- Generated by org.testng.reporters.JUnitXMLReporter -->
<testsuite ignored="0" hostname="QSPCOM101" failures="0" tests="6" name="Test1" time="61.194" errors="0" timestamp="2024-07-11T11:33:11 IST">
  <testcase classname="TestngShoe.Nike" name="nikeshoe" time="10.444"/>
  <testcase classname="TestngBike.Tvs" name="tvsBike" time="8.209"/>
  <testcase classname="TestngShoe.Campus" name="campusshoe" time="7.138"/>
  <testcase classname="TestngBike.Honda" name="hondaBike" time="19.331"/>
  <testcase classname="TestngShoe.Redtap" name="redtapeShoe" time="8.005"/>
  <testcase classname="TestngBike.RoyalEnfield" name="royalBike" time="7.938"/>
</testsuite> <!-- Test1 -->
