<?xml version="1.0" encoding="UTF-8"?>
<!-- Generated by org.testng.reporters.JUnitXMLReporter -->
<testsuite ignored="0" hostname="QSPCOM101" failures="0" tests="6" name="Test" time="65.616" errors="0" timestamp="2024-07-20T10:34:07 IST">
  <testcase classname="TestngShoe.Nike" name="nikeshoe" time="11.979"/>
  <testcase classname="TestngBike.Tvs" name="tvsBike" time="10.461"/>
  <testcase classname="TestngShoe.Campus" name="campusshoe" time="16.873"/>
  <testcase classname="TestngBike.Honda" name="hondaBike" time="8.34"/>
  <testcase classname="TestngShoe.Redtap" name="redtapeShoe" time="8.838"/>
  <testcase classname="TestngBike.RoyalEnfield" name="royalBike" time="8.979"/>
</testsuite> <!-- Test -->
