<?xml version="1.0" encoding="UTF-8"?>
<!-- Generated by org.testng.reporters.JUnitXMLReporter -->
<testsuite ignored="0" hostname="QSPCOM101" failures="0" tests="6" name="Test2" time="47.071" errors="0" timestamp="2024-07-11T11:33:58 IST">
  <testcase classname="TestngShoe.Nike" name="nikeshoe" time="8.651"/>
  <testcase classname="TestngBike.Tvs" name="tvsBike" time="7.763"/>
  <testcase classname="TestngShoe.Campus" name="campusshoe" time="7.273"/>
  <testcase classname="TestngBike.Honda" name="hondaBike" time="7.926"/>
  <testcase classname="TestngShoe.Redtap" name="redtapeShoe" time="7.602"/>
  <testcase classname="TestngBike.RoyalEnfield" name="royalBike" time="7.799"/>
</testsuite> <!-- Test2 -->
